<?xml version="1.0" encoding="UTF-8"?>
<testsuite xmlns:xsi="http://www.w3.org/2001/XMLSchema-instance" xsi:noNamespaceSchemaLocation="https://maven.apache.org/surefire/maven-surefire-plugin/xsd/surefire-test-report.xsd" version="3.0.2" name="com.example.loggingsecurity.LoggingsecurityApplicationTests" time="16.63" tests="1" errors="0" skipped="0" failures="0" flakes="0">
  <properties>
[...]
</properties>
  <testcase name="contextLoads" classname="com.example.loggingsecurity.LoggingsecurityApplicationTests" time="1.427">
    <system-out><![CDATA[10:32:28.707 [main] INFO org.springframework.test.context.support.AnnotationConfigContextLoaderUtils -- Could not detect default configuration classes for test class [com.example.loggingsecurity.LoggingsecurityApplicationTests]: LoggingsecurityApplicationTests does not declare any static, non-private, non-final, nested classes annotated with @Configuration.
10:32:29.160 [main] INFO org.springframework.boot.test.context.SpringBootTestContextBootstrapper -- Found @SpringBootConfiguration com.example.loggingsecurity.LoggingsecurityApplication for test class com.example.loggingsecurity.LoggingsecurityApplicationTests
10:32:29.612 [main] INFO org.springframework.test.context.support.AnnotationConfigContextLoaderUtils -- Could not detect default configuration classes for test class [com.example.loggingsecurity.LoggingsecurityApplicationTests]: LoggingsecurityApplicationTests does not declare any static, non-private, non-final, nested classes annotated with @Configuration.
10:32:29.619 [main] INFO org.springframework.boot.test.context.SpringBootTestContextBootstrapper -- Found @SpringBootConfiguration com.example.loggingsecurity.LoggingsecurityApplication for test class com.example.loggingsecurity.LoggingsecurityApplicationTests

  .   ____          _            __ _ _
 /\\ / ___'_ __ _ _(_)_ __  __ _ \ \ \ \
( ( )\___ | '_ | '_| | '_ \/ _` | \ \ \ \
 \\/  ___)| |_)| | | | | || (_| |  ) ) ) )
  '  |____| .__|_| |_|_| |_\__, | / / / /
 =========|_|==============|___/=/_/_/_/

 :: Spring Boot ::                (v4.1.1)

2026-09-23T10:32:30.784+05:30  INFO 48104 --- [logging-security-demo] [           main] c.e.l.LoggingsecurityApplicationTests    : Starting LoggingsecurityApplicationTests using Java 21.0.1 with PID 48104 (started by shreyas.thombal in C:\Project\Log Security\loggingsecurity)
2026-09-23T10:32:30.788+05:30  INFO 48104 --- [logging-security-demo] [           main] c.e.l.LoggingsecurityApplicationTests    : No active profile set, falling back to 1 default profile: "default"
2026-09-23T10:32:32.408+05:30  INFO 48104 --- [logging-security-demo] [           main] .s.d.r.c.RepositoryConfigurationDelegate : Bootstrapping Spring Data JPA repositories in DEFAULT mode.
2026-09-23T10:32:32.549+05:30  INFO 48104 --- [logging-security-demo] [           main] .s.d.r.c.RepositoryConfigurationDelegate : Finished Spring Data repository scanning in 116 ms. Found 1 JPA repository interface.
2026-09-23T10:32:34.190+05:30  INFO 48104 --- [logging-security-demo] [           main] org.hibernate.orm.jpa                    : HHH008540: Processing PersistenceUnitInfo [name: default]
2026-09-23T10:32:34.410+05:30  INFO 48104 --- [logging-security-demo] [           main] org.hibernate.orm.core                   : HHH000001: Hibernate ORM core version 7.4.5.Final
2026-09-23T10:32:35.851+05:30  INFO 48104 --- [logging-security-demo] [           main] o.s.o.j.p.SpringPersistenceUnitInfo      : No LoadTimeWeaver setup: ignoring JPA class transformer
2026-09-23T10:32:35.936+05:30  INFO 48104 --- [logging-security-demo] [           main] com.zaxxer.hikari.HikariDataSource       : HikariPool-1 - Starting...
2026-09-23T10:32:36.364+05:30  INFO 48104 --- [logging-security-demo] [           main] com.zaxxer.hikari.pool.HikariPool        : HikariPool-1 - Added connection com.mysql.cj.jdbc.ConnectionImpl@71e869c2
2026-09-23T10:32:36.368+05:30  INFO 48104 --- [logging-security-demo] [           main] com.zaxxer.hikari.HikariDataSource       : HikariPool-1 - Start completed.
2026-09-23T10:32:36.510+05:30  WARN 48104 --- [logging-security-demo] [           main] org.hibernate.orm.deprecation            : HHH90000025: MySQLDialect does not need to be specified explicitly using 'hibernate.dialect' (remove the property setting and it will be selected by default)
2026-09-23T10:32:36.559+05:30  INFO 48104 --- [logging-security-demo] [           main] org.hibernate.orm.connections.pooling    : HHH10001005: Database info:
	Database JDBC URL [jdbc:mysql://localhost:3306/studentdb1?useSSL=false&serverTimezone=UTC]
	Database driver: MySQL Connector/J
	Database dialect: MySQLDialect
	Database version: 8.0.42
	Default catalog/schema: studentdb1/undefined
	Autocommit mode: undefined/unknown
	Isolation level: REPEATABLE_READ [default REPEATABLE_READ]
	JDBC fetch size: none
	Pool: DataSourceConnectionProvider
	Minimum pool size: undefined/unknown
	Maximum pool size: undefined/unknown
2026-09-23T10:32:39.764+05:30  INFO 48104 --- [logging-security-demo] [           main] org.hibernate.orm.core                   : HHH000489: No JTA platform available (set 'hibernate.transaction.jta.platform' to enable JTA platform integration)
2026-09-23T10:32:40.035+05:30  INFO 48104 --- [logging-security-demo] [           main] j.LocalContainerEntityManagerFactoryBean : Initialized JPA EntityManagerFactory for persistence unit 'default'
2026-09-23T10:32:40.329+05:30  INFO 48104 --- [logging-security-demo] [           main] o.s.d.j.r.query.QueryEnhancerFactories   : Hibernate is in classpath; If applicable, HQL parser will be used.
2026-09-23T10:32:40.982+05:30  INFO 48104 --- [logging-security-demo] [           main] r$InitializeUserDetailsManagerConfigurer : Global AuthenticationManager configured with UserDetailsService bean with name customUserDetailsService
2026-09-23T10:32:41.089+05:30  WARN 48104 --- [logging-security-demo] [           main] JpaBaseConfiguration$JpaWebConfiguration : spring.jpa.open-in-view is enabled by default. Therefore, database queries may be performed during view rendering. Explicitly configure spring.jpa.open-in-view to disable this warning
2026-09-23T10:32:43.088+05:30  INFO 48104 --- [logging-security-demo] [           main] c.e.l.LoggingsecurityApplicationTests    : Started LoggingsecurityApplicationTests in 13.164 seconds (process running for 17.581)
]]></system-out>
    <system-err><![CDATA[SLF4J(W): Class path contains multiple SLF4J providers.
SLF4J(W): Found provider [ch.qos.logback.classic.spi.LogbackServiceProvider@415156bf]
SLF4J(W): Found provider [org.apache.logging.slf4j.SLF4JServiceProvider@393881f0]
SLF4J(W): See https://www.slf4j.org/codes.html#multiple_bindings for an explanation.
SLF4J(I): Actual provider is of type [ch.qos.logback.classic.spi.LogbackServiceProvider@415156bf]
Mockito is currently self-attaching to enable the inline-mock-maker. This will no longer work in future releases of the JDK. Please add Mockito as an agent to your build as described in Mockito's documentation: https://javadoc.io/doc/org.mockito/mockito-core/latest/org.mockito/org/mockito/Mockito.html#0.3
WARNING: A Java agent has been loaded dynamically (C:\Users\shreyas.thombal\.m2\repository\net\bytebuddy\byte-buddy-agent\1.18.11\byte-buddy-agent-1.18.11.jar)
WARNING: If a serviceability tool is in use, please run with -XX:+EnableDynamicAgentLoading to hide this warning
WARNING: If a serviceability tool is not in use, please run with -Djdk.instrument.traceUsage for more information
WARNING: Dynamic loading of agents will be disallowed by default in a future release
]]></system-err>
  </testcase>
</testsuite>